info it worked if it ends with ok
verbose cli [ 'node',
verbose cli   '/usr/local/bin/npm',
verbose cli   'install',
verbose cli   '-g',
verbose cli   'less',
verbose cli   'jshint',
verbose cli   'recess',
verbose cli   'uglify-js' ]
info using npm@1.1.24
info using node@v0.6.19
verbose config file /Users/dane/.npmrc
verbose config file /usr/local/etc/npmrc
verbose config file /usr/local/lib/node_modules/npm/npmrc
verbose cache add [ 'less', null ]
silly cache add: name, spec, args [ undefined, 'less', [ 'less', null ] ]
verbose parsed url { pathname: 'less', path: 'less', href: 'less' }
verbose cache add [ 'jshint', null ]
silly cache add: name, spec, args [ undefined, 'jshint', [ 'jshint', null ] ]
verbose parsed url { pathname: 'jshint', path: 'jshint', href: 'jshint' }
verbose cache add [ 'recess', null ]
silly cache add: name, spec, args [ undefined, 'recess', [ 'recess', null ] ]
verbose parsed url { pathname: 'recess', path: 'recess', href: 'recess' }
verbose cache add [ 'uglify-js', null ]
silly cache add: name, spec, args [ undefined, 'uglify-js', [ 'uglify-js', null ] ]
verbose parsed url { pathname: 'uglify-js', path: 'uglify-js', href: 'uglify-js' }
verbose addNamed [ 'less', '' ]
verbose addNamed [ null, '' ]
silly name, range, hasData [ 'less', '', false ]
verbose addNamed [ 'jshint', '' ]
verbose addNamed [ null, '' ]
silly name, range, hasData [ 'jshint', '', false ]
verbose addNamed [ 'recess', '' ]
verbose addNamed [ null, '' ]
silly name, range, hasData [ 'recess', '', false ]
verbose addNamed [ 'uglify-js', '' ]
verbose addNamed [ null, '' ]
silly name, range, hasData [ 'uglify-js', '', false ]
verbose raw, before any munging less
verbose url resolving [ 'https://registry.npmjs.org/', './less' ]
verbose url resolved https://registry.npmjs.org/less
verbose etag "EMPI67PSMS3MEV81B84W73O6M"
http GET https://registry.npmjs.org/less
verbose raw, before any munging uglify-js
verbose url resolving [ 'https://registry.npmjs.org/', './uglify-js' ]
verbose url resolved https://registry.npmjs.org/uglify-js
verbose etag "E3VYY3SAPKDR67SC9IK1R82S0"
http GET https://registry.npmjs.org/uglify-js
verbose raw, before any munging recess
verbose url resolving [ 'https://registry.npmjs.org/', './recess' ]
verbose url resolved https://registry.npmjs.org/recess
verbose etag "HDIA8OISHU2WK8X5D3I5VO4V"
http GET https://registry.npmjs.org/recess
verbose raw, before any munging jshint
verbose url resolving [ 'https://registry.npmjs.org/', './jshint' ]
verbose url resolved https://registry.npmjs.org/jshint
verbose etag "4C5JRP6BAWCTUVDQFSHE1C6ZU"
http GET https://registry.npmjs.org/jshint
http 200 https://registry.npmjs.org/uglify-js
silly get cb [ 200,
silly get cb   { vary: 'Accept',
silly get cb     server: 'CouchDB/1.2.0 (Erlang OTP/R15B)',
silly get cb     etag: '"B18OS8AFCCHMY2O3HEDQCV46C"',
silly get cb     date: 'Thu, 18 Oct 2012 20:53:34 GMT',
silly get cb     'content-type': 'application/json',
silly get cb     'content-length': '20597' } ]
silly name, range, hasData 2 [ 'uglify-js', '', true ]
silly versions [ 'uglify-js',
silly versions   [ '0.0.1',
silly versions     '0.0.2',
silly versions     '0.0.3',
silly versions     '0.0.4',
silly versions     '0.0.5',
silly versions     '1.0.1',
silly versions     '1.0.2',
silly versions     '1.0.3',
silly versions     '1.0.4',
silly versions     '1.0.5',
silly versions     '1.0.6',
silly versions     '1.0.7',
silly versions     '1.1.0',
silly versions     '1.1.1',
silly versions     '1.2.0',
silly versions     '1.2.1',
silly versions     '1.2.2',
silly versions     '1.2.3',
silly versions     '1.2.4',
silly versions     '1.2.5',
silly versions     '1.2.6',
silly versions     '1.3.0',
silly versions     '1.3.1',
silly versions     '1.3.2',
silly versions     '1.3.3' ] ]
verbose bin dist [ '0.6-ares1.7.5-DEV-evundefined-openssl0.9.8r-v83.6.6.25-darwin-x64-11.4.0',
verbose bin dist   { shasum: 'ddd3e98aa27f5f47e589cfb3f95cddba26096190',
verbose bin dist     tarball: 'http://registry.npmjs.org/uglify-js/-/uglify-js-1.3.3.tgz' } ]
verbose addRemoteTarball [ 'https://registry.npmjs.org/uglify-js/-/uglify-js-1.3.3.tgz',
verbose addRemoteTarball   'ddd3e98aa27f5f47e589cfb3f95cddba26096190' ]
verbose fetch to /var/folders/jd/cp_32cnj3wd2lcklxbxt2cs40000gn/T/npm-1350593614173/1350593614173-0.018823330756276846/tmp.tgz
http GET https://registry.npmjs.org/uglify-js/-/uglify-js-1.3.3.tgz
http 200 https://registry.npmjs.org/recess
silly get cb [ 200,
silly get cb   { vary: 'Accept',
silly get cb     server: 'CouchDB/1.2.0 (Erlang OTP/R15B)',
silly get cb     etag: '"4466XCOAX21S27Y6AIRS7MZMP"',
silly get cb     date: 'Thu, 18 Oct 2012 20:53:34 GMT',
silly get cb     'content-type': 'application/json',
silly get cb     'content-length': '23964' } ]
silly name, range, hasData 2 [ 'recess', '', true ]
silly versions [ 'recess',
silly versions   [ '0.1.0',
silly versions     '1.0.0',
silly versions     '1.0.1',
silly versions     '1.0.2',
silly versions     '1.0.3',
silly versions     '1.0.4',
silly versions     '1.1.0',
silly versions     '1.1.1',
silly versions     '1.1.3',
silly versions     '1.1.4',
silly versions     '1.1.5',
silly versions     '1.1.6' ] ]
verbose bin dist [ '0.6-ares1.7.5-DEV-evundefined-openssl0.9.8r-v83.6.6.25-darwin-x64-11.4.0',
verbose bin dist   { shasum: '0b1ffaff9fe87082bc126dbca3f9ebdf739a459f',
verbose bin dist     tarball: 'http://registry.npmjs.org/recess/-/recess-1.1.6.tgz' } ]
verbose addRemoteTarball [ 'https://registry.npmjs.org/recess/-/recess-1.1.6.tgz',
verbose addRemoteTarball   '0b1ffaff9fe87082bc126dbca3f9ebdf739a459f' ]
verbose fetch to /var/folders/jd/cp_32cnj3wd2lcklxbxt2cs40000gn/T/npm-1350593614173/1350593614230-0.22615489270538092/tmp.tgz
http 200 https://registry.npmjs.org/less
silly get cb [ 200,
silly get cb   { vary: 'Accept',
silly get cb     server: 'CouchDB/1.2.0 (Erlang OTP/R15B)',
silly get cb     etag: '"3S86PWVSQ691FP84HVZYWGS0U"',
silly get cb     date: 'Thu, 18 Oct 2012 20:53:34 GMT',
silly get cb     'content-type': 'application/json',
silly get cb     'content-length': '21328' } ]
http GET https://registry.npmjs.org/recess/-/recess-1.1.6.tgz
silly name, range, hasData 2 [ 'less', '', true ]
silly versions [ 'less',
silly versions   [ '1.0.10',
silly versions     '1.0.11',
silly versions     '1.0.14',
silly versions     '1.0.18',
silly versions     '1.0.19',
silly versions     '1.0.21',
silly versions     '1.0.32',
silly versions     '1.0.36',
silly versions     '1.0.5',
silly versions     '1.0.40',
silly versions     '1.0.41',
silly versions     '1.0.44',
silly versions     '1.1.0',
silly versions     '1.1.1',
silly versions     '1.1.2',
silly versions     '1.1.4',
silly versions     '1.1.5',
silly versions     '1.1.6',
silly versions     '1.2.0',
silly versions     '1.2.1',
silly versions     '1.2.2',
silly versions     '1.3.0',
silly versions     '1.3.1' ] ]
verbose bin dist [ '0.6-ares1.7.5-DEV-evundefined-openssl0.9.8r-v83.6.6.25-darwin-x64-11.4.0',
verbose bin dist   { shasum: '4cf72898b2081a96463f9c38dca5c89fc20a9ba8',
verbose bin dist     tarball: 'http://registry.npmjs.org/less/-/less-1.3.1.tgz' } ]
verbose addRemoteTarball [ 'https://registry.npmjs.org/less/-/less-1.3.1.tgz',
verbose addRemoteTarball   '4cf72898b2081a96463f9c38dca5c89fc20a9ba8' ]
verbose fetch to /var/folders/jd/cp_32cnj3wd2lcklxbxt2cs40000gn/T/npm-1350593614173/1350593614246-0.826238599140197/tmp.tgz
http GET https://registry.npmjs.org/less/-/less-1.3.1.tgz
http 200 https://registry.npmjs.org/jshint
silly get cb [ 200,
silly get cb   { vary: 'Accept',
silly get cb     server: 'CouchDB/1.2.0 (Erlang OTP/R15B)',
silly get cb     etag: '"5X2EKZU7S3Y30WRH3UAVQH4RZ"',
silly get cb     date: 'Thu, 18 Oct 2012 20:53:34 GMT',
silly get cb     'content-type': 'application/json',
silly get cb     'content-length': '85830' } ]
silly name, range, hasData 2 [ 'jshint', '', true ]
silly versions [ 'jshint',
silly versions   [ '0.1.8',
silly versions     '0.1.9',
silly versions     '0.2.0',
silly versions     '0.2.1',
silly versions     '0.2.2',
silly versions     '0.2.3',
silly versions     '0.3.0',
silly versions     '0.3.1',
silly versions     '0.4.0',
silly versions     '0.5.0',
silly versions     '0.5.1',
silly versions     '0.5.2',
silly versions     '0.5.3',
silly versions     '0.5.4',
silly versions     '0.5.5',
silly versions     '0.5.6',
silly versions     '0.5.7',
silly versions     '0.5.8',
silly versions     '0.5.9',
silly versions     '0.6.0',
silly versions     '0.6.1',
silly versions     '0.6.2',
silly versions     '0.6.3',
silly versions     '0.7.0',
silly versions     '0.7.1',
silly versions     '0.7.2',
silly versions     '0.7.3',
silly versions     '0.8.0',
silly versions     '0.8.1',
silly versions     '0.8.2',
silly versions     '0.9.0',
silly versions     '0.9.1' ] ]
verbose bin dist [ '0.6-ares1.7.5-DEV-evundefined-openssl0.9.8r-v83.6.6.25-darwin-x64-11.4.0',
verbose bin dist   { shasum: 'ff32ec7f09f84001f7498eeafd63c9e4fbb2dc0e',
verbose bin dist     tarball: 'http://registry.npmjs.org/jshint/-/jshint-0.9.1.tgz' } ]
verbose addRemoteTarball [ 'https://registry.npmjs.org/jshint/-/jshint-0.9.1.tgz',
verbose addRemoteTarball   'ff32ec7f09f84001f7498eeafd63c9e4fbb2dc0e' ]
verbose fetch to /var/folders/jd/cp_32cnj3wd2lcklxbxt2cs40000gn/T/npm-1350593614173/1350593614271-0.43968697264790535/tmp.tgz
http GET https://registry.npmjs.org/jshint/-/jshint-0.9.1.tgz
http 200 https://registry.npmjs.org/uglify-js/-/uglify-js-1.3.3.tgz
http 200 https://registry.npmjs.org/recess/-/recess-1.1.6.tgz
http 200 https://registry.npmjs.org/less/-/less-1.3.1.tgz
http 200 https://registry.npmjs.org/jshint/-/jshint-0.9.1.tgz
silly updated sha bytes 40960
silly updated sha bytes 2656
info shasum 0b1ffaff9fe87082bc126dbca3f9ebdf739a459f
info shasum /var/folders/jd/cp_32cnj3wd2lcklxbxt2cs40000gn/T/npm-1350593614173/1350593614230-0.22615489270538092/tmp.tgz
verbose unpack /var/folders/jd/cp_32cnj3wd2lcklxbxt2cs40000gn/T/npm-1350593614173/1350593614230-0.22615489270538092/tmp.tgz
silly gunzTarPerm modes [ '755', '644' ]
silly extracting entry package.json
silly extracting entry .npmignore
silly extracting entry README.md
silly extracting entry LICENSE
silly extracting entry .travis.yml
silly extracting entry benchmark/index.js
silly extracting entry benchmark/benchmark.less
silly extracting entry bin/recess
silly extracting entry lib/core.js
silly extracting entry lib/index.js
silly extracting entry lib/min.js
silly extracting entry lib/util.js
silly extracting entry lib/compile/inline-images.js
silly extracting entry lib/compile/prefix-whitespace.js
silly extracting entry lib/compile/strict-property-order.js
silly extracting entry lib/compile/zero-units.js
silly extracting entry lib/lint/inline-images.js
silly extracting entry lib/lint/no-IDs.js
silly extracting entry lib/lint/no-JS-prefix.js
silly extracting entry lib/lint/no-overqualifying.js
silly extracting entry lib/lint/no-underscores.js
silly extracting entry lib/lint/no-universal-selectors.js
silly extracting entry lib/lint/strict-property-order.js
silly extracting entry lib/lint/zero-units.js
silly extracting entry makefile
silly extracting entry test/index.js
silly extracting entry test/compiled/preboot.css
silly extracting entry test/compiled/blog.css
silly extracting entry test/compiled/no-IDs.css
silly extracting entry test/compiled/no-JS.css
silly extracting entry test/compiled/no-overqualifying.css
silly extracting entry test/compiled/no-underscores.css
silly extracting entry test/compiled/inline-images.css
silly extracting entry test/compiled/prefixes.css
silly extracting entry test/compiled/property-order.css
silly extracting entry test/compiled/simple.css
silly extracting entry test/compiled/universal-selectors.css
silly extracting entry test/compiled/zero-units.css
silly extracting entry test/fixtures/preboot.less
silly extracting entry test/fixtures/blog.css
silly extracting entry test/fixtures/no-IDs.css
silly extracting entry test/fixtures/no-JS.css
silly extracting entry test/fixtures/no-overqualifying.css
silly extracting entry test/fixtures/no-underscores.css
silly extracting entry test/fixtures/inline-images.css
silly extracting entry test/fixtures/prefixes.css
silly extracting entry test/fixtures/property-order.css
silly extracting entry test/fixtures/simple.css
silly extracting entry test/fixtures/sprite.png
silly extracting entry test/fixtures/universal-selectors.css
silly extracting entry test/fixtures/zero-units.css
silly extracting entry test/sprite.png
silly extracting entry test/types/compile.js
silly extracting entry test/types/errors.js
silly extracting entry test/types/lint.js
verbose caching /var/folders/jd/cp_32cnj3wd2lcklxbxt2cs40000gn/T/npm-1350593614173/1350593614230-0.22615489270538092/package/package.json
verbose loadDefaults recess@1.1.6
verbose from cache /var/folders/jd/cp_32cnj3wd2lcklxbxt2cs40000gn/T/npm-1350593614173/1350593614230-0.22615489270538092/package/package.json
verbose tar.pack [ '/Users/dane/.npm/recess/1.1.6/package.tgz',
verbose tar.pack   '/var/folders/jd/cp_32cnj3wd2lcklxbxt2cs40000gn/T/npm-1350593614173/1350593614230-0.22615489270538092/package' ]
verbose tarball /Users/dane/.npm/recess/1.1.6/package.tgz
verbose folder /var/folders/jd/cp_32cnj3wd2lcklxbxt2cs40000gn/T/npm-1350593614173/1350593614230-0.22615489270538092/package
silly updated sha bytes 28672
silly updated sha bytes 40960
silly updated sha bytes 17595
info shasum ddd3e98aa27f5f47e589cfb3f95cddba26096190
info shasum /var/folders/jd/cp_32cnj3wd2lcklxbxt2cs40000gn/T/npm-1350593614173/1350593614173-0.018823330756276846/tmp.tgz
verbose unpack /var/folders/jd/cp_32cnj3wd2lcklxbxt2cs40000gn/T/npm-1350593614173/1350593614173-0.018823330756276846/tmp.tgz
silly gunzTarPerm modes [ '755', '644' ]
silly extracting entry docstyle.css
silly extracting entry bin/
silly extracting entry bin/uglifyjs
silly extracting entry README.html
silly extracting entry .npmignore
silly extracting entry test/
silly extracting entry test/beautify.js
silly extracting entry test/unit/
silly extracting entry test/unit/compress/
silly extracting entry test/unit/compress/expected/
silly extracting entry test/unit/compress/expected/issue48.js
silly extracting entry test/unit/compress/expected/issue29.js
silly extracting entry test/unit/compress/expected/if.js
silly extracting entry test/unit/compress/expected/issue68.js
silly extracting entry test/unit/compress/expected/ifreturn2.js
silly extracting entry test/unit/compress/expected/issue28.js
silly extracting entry test/unit/compress/expected/assignment.js
silly extracting entry test/unit/compress/expected/issue349.js
silly extracting entry test/unit/compress/expected/if-not.js
silly extracting entry test/unit/compress/expected/issue54.1.js
silly extracting entry test/unit/compress/expected/issue16.js
silly extracting entry test/unit/compress/expected/forstatement.js
silly extracting entry test/unit/compress/expected/issue372.js
silly extracting entry test/unit/compress/expected/array3.js
silly extracting entry test/unit/compress/expected/concatstring.js
silly extracting entry test/unit/compress/expected/array2.js
silly extracting entry test/unit/compress/expected/var.js
silly extracting entry test/unit/compress/expected/array4.js
silly extracting entry test/unit/compress/expected/issue69.js
silly extracting entry test/unit/compress/expected/issue21.js
silly extracting entry test/unit/compress/expected/issue20.js
silly extracting entry test/unit/compress/expected/with.js
silly extracting entry test/unit/compress/expected/strict-equals.js
silly extracting entry test/unit/compress/expected/issue11.js
silly extracting entry test/unit/compress/expected/1e21.js
silly extracting entry test/unit/compress/expected/issue27.js
silly extracting entry test/unit/compress/expected/infinite.js
silly extracting entry test/unit/compress/expected/array1.js
silly extracting entry test/unit/compress/expected/issue17.js
silly extracting entry test/unit/compress/expected/issue10.js
silly extracting entry test/unit/compress/expected/empty-blocks.js
silly extracting entry test/unit/compress/expected/issue353.js
silly extracting entry test/unit/compress/expected/issue13.js
silly extracting entry test/unit/compress/expected/issue4.js
silly extracting entry test/unit/compress/expected/null_string.js
silly extracting entry test/unit/compress/expected/const.js
silly extracting entry test/unit/compress/expected/issue278.js
silly extracting entry test/unit/compress/expected/issue9.js
silly extracting entry test/unit/compress/expected/issue34.js
silly extracting entry test/unit/compress/expected/issue30.js
silly extracting entry test/unit/compress/expected/issue14.js
silly extracting entry test/unit/compress/expected/whitespace.js
silly extracting entry test/unit/compress/expected/issues222_324.js
silly extracting entry test/unit/compress/expected/issue50.js
silly extracting entry test/unit/compress/expected/ifreturn.js
silly extracting entry test/unit/compress/expected/issue53.js
silly extracting entry test/unit/compress/expected/issue25.js
silly extracting entry test/unit/compress/expected/mangle.js
silly extracting entry test/unit/compress/test/
silly extracting entry test/unit/compress/test/issue48.js
silly extracting entry test/unit/compress/test/issue29.js
silly extracting entry test/unit/compress/test/if.js
silly extracting entry test/unit/compress/test/issue68.js
silly extracting entry test/unit/compress/test/ifreturn2.js
silly extracting entry test/unit/compress/test/issue28.js
silly extracting entry test/unit/compress/test/assignment.js
silly extracting entry test/unit/compress/test/issue349.js
silly extracting entry test/unit/compress/test/if-not.js
silly extracting entry test/unit/compress/test/issue54.1.js
silly extracting entry test/unit/compress/test/issue16.js
silly extracting entry test/unit/compress/test/forstatement.js
silly extracting entry test/unit/compress/test/issue372.js
silly extracting entry test/unit/compress/test/array3.js
silly extracting entry test/unit/compress/test/concatstring.js
silly extracting entry test/unit/compress/test/array2.js
silly extracting entry test/unit/compress/test/var.js
silly extracting entry test/unit/compress/test/array4.js
silly extracting entry test/unit/compress/test/issue69.js
silly extracting entry test/unit/compress/test/issue21.js
silly extracting entry test/unit/compress/test/issue20.js
silly extracting entry test/unit/compress/test/with.js
silly extracting entry test/unit/compress/test/strict-equals.js
silly extracting entry test/unit/compress/test/issue11.js
silly extracting entry test/unit/compress/test/1e21.js
silly extracting entry test/unit/compress/test/issue27.js
silly extracting entry test/unit/compress/test/infinite.js
silly extracting entry test/unit/compress/test/array1.js
silly extracting entry test/unit/compress/test/issue17.js
silly extracting entry test/unit/compress/test/issue10.js
silly extracting entry test/unit/compress/test/empty-blocks.js
silly extracting entry test/unit/compress/test/issue353.js
silly extracting entry test/unit/compress/test/issue13.js
silly extracting entry test/unit/compress/test/issue4.js
silly extracting entry test/unit/compress/test/null_string.js
silly extracting entry test/unit/compress/test/const.js
silly extracting entry test/unit/compress/test/issue278.js
silly extracting entry test/unit/compress/test/issue9.js
silly extracting entry test/unit/compress/test/issue34.js
silly extracting entry test/unit/compress/test/issue30.js
silly extracting entry test/unit/compress/test/issue14.js
silly extracting entry test/unit/compress/test/whitespace.js
silly extracting entry test/unit/compress/test/issues222_324.js
silly extracting entry test/unit/compress/test/issue50.js
silly extracting entry test/unit/compress/test/ifreturn.js
silly extracting entry test/unit/compress/test/issue53.js
silly extracting entry test/unit/compress/test/issue25.js
silly extracting entry test/unit/compress/test/mangle.js
silly extracting entry test/unit/scripts.js
silly extracting entry test/testconsolidator.js
silly extracting entry test/testparser.js
silly extracting entry package.json
silly extracting entry uglify-js.js
silly extracting entry lib/
silly extracting entry lib/process.js
silly extracting entry lib/squeeze-more.js
silly extracting entry lib/parse-js.js
silly extracting entry lib/consolidator.js
silly extracting entry README.org
silly updated sha bytes 36864
silly updated sha bytes 3482
info shasum ff32ec7f09f84001f7498eeafd63c9e4fbb2dc0e
info shasum /var/folders/jd/cp_32cnj3wd2lcklxbxt2cs40000gn/T/npm-1350593614173/1350593614271-0.43968697264790535/tmp.tgz
verbose unpack /var/folders/jd/cp_32cnj3wd2lcklxbxt2cs40000gn/T/npm-1350593614173/1350593614271-0.43968697264790535/tmp.tgz
silly gunzTarPerm modes [ '755', '644' ]
silly extracting entry tmp/
silly extracting entry tmp/hoist.js
silly extracting entry tmp/test.js
silly extracting entry package.json
silly modified mode [ 'package.json', 438, 420 ]
silly extracting entry tmp/instrument.js
silly extracting entry README.md
silly modified mode [ 'README.md', 438, 420 ]
silly extracting entry LICENSE
silly modified mode [ 'LICENSE', 438, 420 ]
silly extracting entry bin/hint
silly modified mode [ 'bin/hint', 511, 493 ]
silly extracting entry lib/cli.js
silly modified mode [ 'lib/cli.js', 438, 420 ]
silly extracting entry lib/hint.js
silly modified mode [ 'lib/hint.js', 438, 420 ]
silly extracting entry lib/reporters/checkstyle.js
silly modified mode [ 'lib/reporters/checkstyle.js', 438, 420 ]
silly extracting entry lib/reporters/default.js
silly modified mode [ 'lib/reporters/default.js', 438, 420 ]
silly extracting entry lib/reporters/jslint_xml.js
silly modified mode [ 'lib/reporters/jslint_xml.js', 438, 420 ]
silly extracting entry lib/reporters/non_error.js
silly modified mode [ 'lib/reporters/non_error.js', 438, 420 ]
silly extracting entry packages/jshint/README.md
silly modified mode [ 'packages/jshint/README.md', 511, 493 ]
silly extracting entry packages/jshint/jshint.js
silly modified mode [ 'packages/jshint/jshint.js', 438, 420 ]
verbose unpack /Users/dane/.npm/recess/1.1.6/package.tgz
silly gunzTarPerm modes [ '755', '644' ]
silly extracting entry package.json
silly extracting entry .npmignore
silly extracting entry README.md
silly extracting entry LICENSE
silly extracting entry .travis.yml
silly extracting entry benchmark/index.js
silly extracting entry benchmark/benchmark.less
silly extracting entry bin/recess
silly extracting entry lib/core.js
silly extracting entry lib/index.js
silly extracting entry lib/min.js
silly extracting entry lib/util.js
silly extracting entry lib/compile/inline-images.js
silly extracting entry lib/compile/prefix-whitespace.js
silly extracting entry lib/compile/strict-property-order.js
silly extracting entry lib/compile/zero-units.js
silly extracting entry lib/lint/inline-images.js
silly extracting entry lib/lint/no-IDs.js
silly extracting entry lib/lint/no-JS-prefix.js
silly extracting entry lib/lint/no-overqualifying.js
silly extracting entry lib/lint/no-underscores.js
silly extracting entry lib/lint/no-universal-selectors.js
silly extracting entry lib/lint/strict-property-order.js
silly extracting entry lib/lint/zero-units.js
silly extracting entry makefile
silly extracting entry test/index.js
silly extracting entry test/compiled/preboot.css
silly extracting entry test/compiled/blog.css
silly extracting entry test/compiled/no-IDs.css
silly extracting entry test/compiled/no-JS.css
silly extracting entry test/compiled/no-overqualifying.css
silly extracting entry test/compiled/no-underscores.css
silly extracting entry test/compiled/inline-images.css
silly extracting entry test/compiled/prefixes.css
silly extracting entry test/compiled/property-order.css
silly extracting entry test/compiled/simple.css
silly extracting entry test/compiled/universal-selectors.css
silly extracting entry test/compiled/zero-units.css
silly extracting entry test/fixtures/preboot.less
silly extracting entry test/fixtures/blog.css
silly extracting entry test/fixtures/no-IDs.css
silly extracting entry test/fixtures/no-JS.css
silly extracting entry test/fixtures/no-overqualifying.css
silly extracting entry test/fixtures/no-underscores.css
silly extracting entry test/fixtures/inline-images.css
silly extracting entry test/fixtures/prefixes.css
silly extracting entry test/fixtures/property-order.css
silly extracting entry test/fixtures/simple.css
silly extracting entry test/fixtures/sprite.png
silly extracting entry test/fixtures/universal-selectors.css
silly extracting entry test/fixtures/zero-units.css
silly extracting entry test/sprite.png
silly extracting entry test/types/compile.js
silly extracting entry test/types/errors.js
silly extracting entry test/types/lint.js
verbose caching /var/folders/jd/cp_32cnj3wd2lcklxbxt2cs40000gn/T/npm-1350593614173/1350593614271-0.43968697264790535/package/package.json
verbose loadDefaults jshint@0.9.1
verbose from cache /var/folders/jd/cp_32cnj3wd2lcklxbxt2cs40000gn/T/npm-1350593614173/1350593614271-0.43968697264790535/package/package.json
verbose tar.pack [ '/Users/dane/.npm/jshint/0.9.1/package.tgz',
verbose tar.pack   '/var/folders/jd/cp_32cnj3wd2lcklxbxt2cs40000gn/T/npm-1350593614173/1350593614271-0.43968697264790535/package' ]
verbose tarball /Users/dane/.npm/jshint/0.9.1/package.tgz
verbose folder /var/folders/jd/cp_32cnj3wd2lcklxbxt2cs40000gn/T/npm-1350593614173/1350593614271-0.43968697264790535/package
verbose unpack /Users/dane/.npm/jshint/0.9.1/package.tgz
silly gunzTarPerm modes [ '755', '644' ]
silly extracting entry package.json
silly extracting entry README.md
silly extracting entry LICENSE
silly extracting entry bin/hint
silly extracting entry lib/cli.js
silly extracting entry lib/hint.js
silly extracting entry lib/reporters/checkstyle.js
silly extracting entry lib/reporters/default.js
silly extracting entry lib/reporters/jslint_xml.js
silly extracting entry lib/reporters/non_error.js
verbose caching /Users/dane/.npm/recess/1.1.6/package/package.json
verbose loadDefaults recess@1.1.6
silly updated sha bytes 40960
silly extracting entry packages/jshint/README.md
silly extracting entry packages/jshint/jshint.js
silly updated sha bytes 2656
info shasum 0b1ffaff9fe87082bc126dbca3f9ebdf739a459f
info shasum /Users/dane/.npm/recess/1.1.6/package.tgz
verbose from cache /Users/dane/.npm/recess/1.1.6/package/package.json
verbose chmod /Users/dane/.npm/recess/1.1.6/package.tgz 644
verbose chown [ '/Users/dane/.npm/recess/1.1.6/package.tgz', 501, 20 ]
verbose caching /var/folders/jd/cp_32cnj3wd2lcklxbxt2cs40000gn/T/npm-1350593614173/1350593614173-0.018823330756276846/package/package.json
verbose loadDefaults uglify-js@1.3.3
verbose from cache /var/folders/jd/cp_32cnj3wd2lcklxbxt2cs40000gn/T/npm-1350593614173/1350593614173-0.018823330756276846/package/package.json
verbose tar.pack [ '/Users/dane/.npm/uglify-js/1.3.3/package.tgz',
verbose tar.pack   '/var/folders/jd/cp_32cnj3wd2lcklxbxt2cs40000gn/T/npm-1350593614173/1350593614173-0.018823330756276846/package' ]
verbose tarball /Users/dane/.npm/uglify-js/1.3.3/package.tgz
verbose folder /var/folders/jd/cp_32cnj3wd2lcklxbxt2cs40000gn/T/npm-1350593614173/1350593614173-0.018823330756276846/package
verbose caching /Users/dane/.npm/jshint/0.9.1/package/package.json
verbose loadDefaults jshint@0.9.1
silly updated sha bytes 36864
silly updated sha bytes 3480
info shasum ffe576d531c50c0ac79d05752b06ca104c6acf81
info shasum /Users/dane/.npm/jshint/0.9.1/package.tgz
verbose from cache /Users/dane/.npm/jshint/0.9.1/package/package.json
verbose chmod /Users/dane/.npm/jshint/0.9.1/package.tgz 644
verbose chown [ '/Users/dane/.npm/jshint/0.9.1/package.tgz', 501, 20 ]
verbose unpack /Users/dane/.npm/uglify-js/1.3.3/package.tgz
silly gunzTarPerm modes [ '755', '644' ]
silly extracting entry package.json
silly extracting entry .npmignore
silly extracting entry uglify-js.js
silly extracting entry bin/uglifyjs
silly extracting entry docstyle.css
silly extracting entry lib/consolidator.js
silly extracting entry lib/parse-js.js
silly extracting entry lib/process.js
silly extracting entry lib/squeeze-more.js
silly extracting entry README.html
silly extracting entry README.org
silly extracting entry test/beautify.js
silly extracting entry test/testconsolidator.js
silly extracting entry test/testparser.js
silly extracting entry test/unit/scripts.js
silly extracting entry test/unit/compress/expected/1e21.js
silly extracting entry test/unit/compress/expected/issue17.js
silly extracting entry test/unit/compress/expected/issue20.js
silly extracting entry test/unit/compress/expected/issue21.js
silly extracting entry test/unit/compress/expected/issue25.js
silly extracting entry test/unit/compress/expected/issue16.js
silly extracting entry test/unit/compress/expected/issue278.js
silly extracting entry test/unit/compress/expected/issue28.js
silly extracting entry test/unit/compress/expected/issue29.js
silly extracting entry test/unit/compress/expected/issue30.js
silly extracting entry test/unit/compress/expected/issue34.js
silly extracting entry test/unit/compress/expected/issue14.js
silly extracting entry test/unit/compress/expected/issue349.js
silly extracting entry test/unit/compress/expected/issue13.js
silly extracting entry test/unit/compress/expected/issue353.js
silly extracting entry test/unit/compress/expected/issue11.js
silly extracting entry test/unit/compress/expected/issue372.js
silly extracting entry test/unit/compress/expected/issue10.js
silly extracting entry test/unit/compress/expected/issue4.js
silly extracting entry test/unit/compress/expected/infinite.js
silly extracting entry test/unit/compress/expected/issue48.js
silly extracting entry test/unit/compress/expected/ifreturn2.js
silly extracting entry test/unit/compress/expected/issue50.js
silly extracting entry test/unit/compress/expected/ifreturn.js
silly extracting entry test/unit/compress/expected/issue53.js
silly extracting entry test/unit/compress/expected/if.js
silly extracting entry test/unit/compress/expected/issue54.1.js
silly extracting entry test/unit/compress/expected/if-not.js
silly extracting entry test/unit/compress/expected/issue68.js
silly extracting entry test/unit/compress/expected/forstatement.js
silly extracting entry test/unit/compress/expected/issue69.js
silly extracting entry test/unit/compress/expected/empty-blocks.js
silly extracting entry test/unit/compress/expected/issue9.js
silly extracting entry test/unit/compress/expected/const.js
silly extracting entry test/unit/compress/expected/issues222_324.js
silly extracting entry test/unit/compress/expected/concatstring.js
silly extracting entry test/unit/compress/expected/mangle.js
silly extracting entry test/unit/compress/expected/assignment.js
silly extracting entry test/unit/compress/expected/null_string.js
silly extracting entry test/unit/compress/expected/array4.js
silly extracting entry test/unit/compress/expected/strict-equals.js
silly extracting entry test/unit/compress/expected/array3.js
silly extracting entry test/unit/compress/expected/var.js
silly extracting entry test/unit/compress/expected/array2.js
silly extracting entry test/unit/compress/expected/whitespace.js
silly extracting entry test/unit/compress/expected/array1.js
silly extracting entry test/unit/compress/expected/with.js
silly extracting entry test/unit/compress/expected/issue27.js
silly extracting entry test/unit/compress/test/1e21.js
silly extracting entry test/unit/compress/test/issue17.js
silly extracting entry test/unit/compress/test/issue20.js
silly extracting entry test/unit/compress/test/issue21.js
silly extracting entry test/unit/compress/test/issue25.js
silly extracting entry test/unit/compress/test/issue16.js
silly extracting entry test/unit/compress/test/issue278.js
silly extracting entry test/unit/compress/test/issue28.js
silly extracting entry test/unit/compress/test/issue29.js
silly extracting entry test/unit/compress/test/issue30.js
silly extracting entry test/unit/compress/test/issue34.js
silly extracting entry test/unit/compress/test/issue14.js
silly extracting entry test/unit/compress/test/issue349.js
silly extracting entry test/unit/compress/test/issue13.js
silly extracting entry test/unit/compress/test/issue353.js
silly extracting entry test/unit/compress/test/issue11.js
silly extracting entry test/unit/compress/test/issue372.js
silly extracting entry test/unit/compress/test/issue10.js
silly extracting entry test/unit/compress/test/issue4.js
silly extracting entry test/unit/compress/test/infinite.js
silly extracting entry test/unit/compress/test/issue48.js
silly extracting entry test/unit/compress/test/ifreturn2.js
silly extracting entry test/unit/compress/test/issue50.js
silly extracting entry test/unit/compress/test/ifreturn.js
silly extracting entry test/unit/compress/test/issue53.js
silly extracting entry test/unit/compress/test/if.js
silly extracting entry test/unit/compress/test/issue54.1.js
silly extracting entry test/unit/compress/test/if-not.js
silly extracting entry test/unit/compress/test/issue68.js
silly extracting entry test/unit/compress/test/forstatement.js
silly extracting entry test/unit/compress/test/issue69.js
silly extracting entry test/unit/compress/test/empty-blocks.js
silly extracting entry test/unit/compress/test/issue9.js
silly extracting entry test/unit/compress/test/const.js
silly extracting entry test/unit/compress/test/issues222_324.js
silly extracting entry test/unit/compress/test/concatstring.js
silly extracting entry test/unit/compress/test/mangle.js
silly extracting entry test/unit/compress/test/assignment.js
silly extracting entry test/unit/compress/test/null_string.js
silly extracting entry test/unit/compress/test/array4.js
silly extracting entry test/unit/compress/test/strict-equals.js
silly extracting entry test/unit/compress/test/array3.js
silly extracting entry test/unit/compress/test/var.js
silly extracting entry test/unit/compress/test/array2.js
silly extracting entry test/unit/compress/test/whitespace.js
silly extracting entry test/unit/compress/test/array1.js
silly extracting entry test/unit/compress/test/with.js
silly extracting entry test/unit/compress/test/issue27.js
silly extracting entry tmp/hoist.js
silly extracting entry tmp/instrument.js
silly extracting entry tmp/test.js
verbose caching /Users/dane/.npm/uglify-js/1.3.3/package/package.json
verbose loadDefaults uglify-js@1.3.3
silly updated sha bytes 40960
silly updated sha bytes 40960
silly updated sha bytes 232
info shasum 4e44e7f87588da9981ce070a9697fcbed36b7049
info shasum /Users/dane/.npm/uglify-js/1.3.3/package.tgz
verbose from cache /Users/dane/.npm/uglify-js/1.3.3/package/package.json
verbose chmod /Users/dane/.npm/uglify-js/1.3.3/package.tgz 644
verbose chown [ '/Users/dane/.npm/uglify-js/1.3.3/package.tgz', 501, 20 ]
silly updated sha bytes 40960
silly updated sha bytes 40960
silly updated sha bytes 40960
silly updated sha bytes 40960
silly updated sha bytes 40960
silly updated sha bytes 40960
silly updated sha bytes 40960
silly updated sha bytes 40960
silly updated sha bytes 40960
silly updated sha bytes 40960
silly updated sha bytes 40960
silly updated sha bytes 40960
silly updated sha bytes 40960
silly updated sha bytes 40960
silly updated sha bytes 21082
info shasum 4cf72898b2081a96463f9c38dca5c89fc20a9ba8
info shasum /var/folders/jd/cp_32cnj3wd2lcklxbxt2cs40000gn/T/npm-1350593614173/1350593614246-0.826238599140197/tmp.tgz
verbose unpack /var/folders/jd/cp_32cnj3wd2lcklxbxt2cs40000gn/T/npm-1350593614173/1350593614246-0.826238599140197/tmp.tgz
silly gunzTarPerm modes [ '755', '644' ]
silly extracting entry package.json
silly modified mode [ 'package.json', 438, 420 ]
silly extracting entry .npmignore
silly modified mode [ '.npmignore', 438, 420 ]
silly extracting entry README.md
silly modified mode [ 'README.md', 438, 420 ]
silly extracting entry LICENSE
silly modified mode [ 'LICENSE', 438, 420 ]
silly extracting entry CHANGELOG.md
silly modified mode [ 'CHANGELOG.md', 438, 420 ]
silly extracting entry dist/less-1.1.0.js
silly modified mode [ 'dist/less-1.1.0.js', 438, 420 ]
silly extracting entry dist/less-1.1.5.js
silly modified mode [ 'dist/less-1.1.5.js', 438, 420 ]
silly extracting entry dist/less-1.1.5.min.js
silly modified mode [ 'dist/less-1.1.5.min.js', 438, 420 ]
silly extracting entry dist/less-1.1.6.js
silly modified mode [ 'dist/less-1.1.6.js', 438, 420 ]
silly extracting entry dist/less-1.1.4.min.js
silly modified mode [ 'dist/less-1.1.4.min.js', 438, 420 ]
silly extracting entry dist/less-1.2.0.js
silly modified mode [ 'dist/less-1.2.0.js', 438, 420 ]
silly extracting entry dist/less-1.2.0.min.js
silly modified mode [ 'dist/less-1.2.0.min.js', 438, 420 ]
silly extracting entry dist/less-1.2.1.js
silly modified mode [ 'dist/less-1.2.1.js', 438, 420 ]
silly extracting entry dist/less-1.2.1.min.js
silly modified mode [ 'dist/less-1.2.1.min.js', 438, 420 ]
silly extracting entry dist/less-1.2.2.js
silly modified mode [ 'dist/less-1.2.2.js', 438, 420 ]
silly extracting entry dist/less-1.1.4.js
silly modified mode [ 'dist/less-1.1.4.js', 438, 420 ]
silly extracting entry dist/less-1.2.2.min.js
silly modified mode [ 'dist/less-1.2.2.min.js', 438, 420 ]
silly extracting entry dist/less-1.1.3.min.js
silly modified mode [ 'dist/less-1.1.3.min.js', 438, 420 ]
silly extracting entry dist/less-1.3.0.js
silly modified mode [ 'dist/less-1.3.0.js', 438, 420 ]
silly extracting entry dist/less-1.1.3.js
silly modified mode [ 'dist/less-1.1.3.js', 438, 420 ]
silly extracting entry dist/less-1.3.0.min.js
silly modified mode [ 'dist/less-1.3.0.min.js', 438, 420 ]
silly extracting entry dist/less-1.1.2.min.js
silly modified mode [ 'dist/less-1.1.2.min.js', 438, 420 ]
silly extracting entry dist/less-1.3.1.js
silly modified mode [ 'dist/less-1.3.1.js', 438, 420 ]
silly extracting entry dist/less-1.1.2.js
silly modified mode [ 'dist/less-1.1.2.js', 438, 420 ]
silly extracting entry dist/less-1.3.1.min.js
silly modified mode [ 'dist/less-1.3.1.min.js', 438, 420 ]
silly extracting entry dist/less-1.1.1.min.js
silly modified mode [ 'dist/less-1.1.1.min.js', 438, 420 ]
silly extracting entry dist/less-rhino-1.1.3.js
silly modified mode [ 'dist/less-rhino-1.1.3.js', 438, 420 ]
silly extracting entry dist/less-1.1.1.js
silly modified mode [ 'dist/less-1.1.1.js', 438, 420 ]
silly extracting entry dist/less-rhino-1.1.5.js
silly modified mode [ 'dist/less-rhino-1.1.5.js', 438, 420 ]
silly extracting entry dist/less-1.1.0.min.js
silly modified mode [ 'dist/less-1.1.0.min.js', 438, 420 ]
silly extracting entry dist/less-rhino-1.3.1.js
silly modified mode [ 'dist/less-rhino-1.3.1.js', 438, 420 ]
silly extracting entry dist/less-1.1.6.min.js
silly modified mode [ 'dist/less-1.1.6.min.js', 438, 420 ]
silly extracting entry benchmark/less-benchmark.js
silly modified mode [ 'benchmark/less-benchmark.js', 438, 420 ]
silly extracting entry benchmark/benchmark.less
silly modified mode [ 'benchmark/benchmark.less', 438, 420 ]
silly extracting entry test/less-test.js
silly modified mode [ 'test/less-test.js', 438, 420 ]
silly extracting entry test/css/mixins-closure.css
silly modified mode [ 'test/css/mixins-closure.css', 438, 420 ]
silly extracting entry test/css/colors.css
silly modified mode [ 'test/css/colors.css', 438, 420 ]
silly extracting entry test/css/css-3.css
silly modified mode [ 'test/css/css-3.css', 438, 420 ]
silly extracting entry test/css/css-escapes.css
silly modified mode [ 'test/css/css-escapes.css', 438, 420 ]
silly extracting entry test/css/css.css
silly modified mode [ 'test/css/css.css', 438, 420 ]
silly extracting entry test/css/debug/linenumbers-all.css
silly modified mode [ 'test/css/debug/linenumbers-all.css', 438, 420 ]
silly extracting entry test/css/debug/linenumbers-comments.css
silly modified mode [ 'test/css/debug/linenumbers-comments.css', 438, 420 ]
silly extracting entry test/css/debug/linenumbers-mediaquery.css
silly modified mode [ 'test/css/debug/linenumbers-mediaquery.css', 438, 420 ]
silly extracting entry test/css/functions.css
silly modified mode [ 'test/css/functions.css', 438, 420 ]
silly extracting entry test/css/ie-filters.css
silly modified mode [ 'test/css/ie-filters.css', 438, 420 ]
silly extracting entry test/css/import-once.css
silly modified mode [ 'test/css/import-once.css', 438, 420 ]
silly extracting entry test/css/import.css
silly modified mode [ 'test/css/import.css', 438, 420 ]
silly extracting entry test/css/javascript.css
silly modified mode [ 'test/css/javascript.css', 438, 420 ]
silly extracting entry test/css/lazy-eval.css
silly modified mode [ 'test/css/lazy-eval.css', 438, 420 ]
silly extracting entry test/css/media.css
silly modified mode [ 'test/css/media.css', 438, 420 ]
silly extracting entry test/css/mixins-args.css
silly modified mode [ 'test/css/mixins-args.css', 438, 420 ]
silly extracting entry test/css/comments.css
silly modified mode [ 'test/css/comments.css', 438, 420 ]
silly extracting entry test/css/mixins-guards.css
silly modified mode [ 'test/css/mixins-guards.css', 438, 420 ]
silly extracting entry test/css/mixins-important.css
silly modified mode [ 'test/css/mixins-important.css', 438, 420 ]
silly extracting entry test/css/mixins-named-args.css
silly modified mode [ 'test/css/mixins-named-args.css', 438, 420 ]
silly extracting entry test/css/mixins-nested.css
silly modified mode [ 'test/css/mixins-nested.css', 438, 420 ]
silly extracting entry test/css/mixins-pattern.css
silly modified mode [ 'test/css/mixins-pattern.css', 438, 420 ]
silly extracting entry test/css/mixins.css
silly modified mode [ 'test/css/mixins.css', 438, 420 ]
silly extracting entry test/css/operations.css
silly modified mode [ 'test/css/operations.css', 438, 420 ]
silly extracting entry test/css/parens.css
silly modified mode [ 'test/css/parens.css', 438, 420 ]
silly extracting entry test/css/rulesets.css
silly modified mode [ 'test/css/rulesets.css', 438, 420 ]
silly extracting entry test/css/scope.css
silly modified mode [ 'test/css/scope.css', 438, 420 ]
silly extracting entry test/css/selectors.css
silly modified mode [ 'test/css/selectors.css', 438, 420 ]
silly extracting entry test/css/strings.css
silly modified mode [ 'test/css/strings.css', 438, 420 ]
silly extracting entry test/css/variables.css
silly modified mode [ 'test/css/variables.css', 438, 420 ]
silly extracting entry test/css/whitespace.css
silly modified mode [ 'test/css/whitespace.css', 438, 420 ]
silly extracting entry test/less/mixins-args.less
silly modified mode [ 'test/less/mixins-args.less', 438, 420 ]
silly extracting entry test/less/colors.less
silly modified mode [ 'test/less/colors.less', 438, 420 ]
silly extracting entry test/less/css-3.less
silly modified mode [ 'test/less/css-3.less', 438, 420 ]
silly extracting entry test/less/css-escapes.less
silly modified mode [ 'test/less/css-escapes.less', 438, 420 ]
silly extracting entry test/less/css.less
silly modified mode [ 'test/less/css.less', 438, 420 ]
silly extracting entry test/less/debug/import/test.less
silly modified mode [ 'test/less/debug/import/test.less', 438, 420 ]
silly extracting entry test/less/debug/linenumbers.less
silly modified mode [ 'test/less/debug/linenumbers.less', 438, 420 ]
silly extracting entry test/less/errors/imports/import-subfolder1.less
silly modified mode [ 'test/less/errors/imports/import-subfolder1.less', 438, 420 ]
silly extracting entry test/less/errors/imports/import-subfolder2.less
silly modified mode [ 'test/less/errors/imports/import-subfolder2.less', 438, 420 ]
silly extracting entry test/less/errors/imports/subfolder/mixin-not-defined.less
silly modified mode [ 'test/less/errors/imports/subfolder/mixin-not-defined.less',
silly modified mode   438,
silly modified mode   420 ]
silly extracting entry test/less/errors/imports/subfolder/parse-error-curly-bracket.less
silly modified mode [ 'test/less/errors/imports/subfolder/parse-error-curly-bracket.less',
silly modified mode   438,
silly modified mode   420 ]
silly extracting entry test/less/errors/comment-in-selector.less
silly modified mode [ 'test/less/errors/comment-in-selector.less', 438, 420 ]
silly extracting entry test/less/errors/import-missing.less
silly modified mode [ 'test/less/errors/import-missing.less', 438, 420 ]
silly extracting entry test/less/errors/import-missing.txt
silly modified mode [ 'test/less/errors/import-missing.txt', 438, 420 ]
silly extracting entry test/less/errors/import-no-semi.less
silly modified mode [ 'test/less/errors/import-no-semi.less', 438, 420 ]
silly extracting entry test/less/errors/import-no-semi.txt
silly modified mode [ 'test/less/errors/import-no-semi.txt', 438, 420 ]
silly extracting entry test/less/errors/import-subfolder1.less
silly modified mode [ 'test/less/errors/import-subfolder1.less', 438, 420 ]
silly extracting entry test/less/errors/import-subfolder1.txt
silly modified mode [ 'test/less/errors/import-subfolder1.txt', 438, 420 ]
silly extracting entry test/less/errors/import-subfolder2.less
silly modified mode [ 'test/less/errors/import-subfolder2.less', 438, 420 ]
silly extracting entry test/less/errors/import-subfolder2.txt
silly modified mode [ 'test/less/errors/import-subfolder2.txt', 438, 420 ]
silly extracting entry test/less/errors/comment-in-selector.txt
silly modified mode [ 'test/less/errors/comment-in-selector.txt', 438, 420 ]
silly extracting entry test/less/errors/javascript-error.less
silly modified mode [ 'test/less/errors/javascript-error.less', 438, 420 ]
silly extracting entry test/less/errors/javascript-error.txt
silly modified mode [ 'test/less/errors/javascript-error.txt', 438, 420 ]
silly extracting entry test/less/errors/mixin-not-defined.less
silly modified mode [ 'test/less/errors/mixin-not-defined.less', 438, 420 ]
silly extracting entry test/less/errors/mixin-not-defined.txt
silly modified mode [ 'test/less/errors/mixin-not-defined.txt', 438, 420 ]
silly extracting entry test/less/errors/parse-error-curly-bracket.less
silly modified mode [ 'test/less/errors/parse-error-curly-bracket.less', 438, 420 ]
silly extracting entry test/less/errors/parse-error-curly-bracket.txt
silly modified mode [ 'test/less/errors/parse-error-curly-bracket.txt', 438, 420 ]
silly extracting entry test/less/errors/parse-error-missing-bracket.less
silly modified mode [ 'test/less/errors/parse-error-missing-bracket.less', 438, 420 ]
silly extracting entry test/less/errors/parse-error-missing-bracket.txt
silly modified mode [ 'test/less/errors/parse-error-missing-bracket.txt', 438, 420 ]
silly extracting entry test/less/errors/property-ie5-hack.less
silly modified mode [ 'test/less/errors/property-ie5-hack.less', 438, 420 ]
silly extracting entry test/less/errors/property-ie5-hack.txt
silly modified mode [ 'test/less/errors/property-ie5-hack.txt', 438, 420 ]
silly extracting entry test/less/functions.less
silly modified mode [ 'test/less/functions.less', 438, 420 ]
silly extracting entry test/less/ie-filters.less
silly modified mode [ 'test/less/ie-filters.less', 438, 420 ]
silly extracting entry test/less/import/deeper/import-once-test-a.less
silly modified mode [ 'test/less/import/deeper/import-once-test-a.less', 438, 420 ]
silly extracting entry test/less/import/import-once-test-c.less
silly modified mode [ 'test/less/import/import-once-test-c.less', 438, 420 ]
silly extracting entry test/less/import/import-test-a.less
silly modified mode [ 'test/less/import/import-test-a.less', 438, 420 ]
silly extracting entry test/less/import/import-test-b.less
silly modified mode [ 'test/less/import/import-test-b.less', 438, 420 ]
silly extracting entry test/less/import/import-test-c.less
silly modified mode [ 'test/less/import/import-test-c.less', 438, 420 ]
silly extracting entry test/less/import/import-test-d.css
silly modified mode [ 'test/less/import/import-test-d.css', 438, 420 ]
silly extracting entry test/less/import/import-test-e.less
silly modified mode [ 'test/less/import/import-test-e.less', 438, 420 ]
silly extracting entry test/less/import-once.less
silly modified mode [ 'test/less/import-once.less', 438, 420 ]
silly extracting entry test/less/import.less
silly modified mode [ 'test/less/import.less', 438, 420 ]
silly extracting entry test/less/javascript.less
silly modified mode [ 'test/less/javascript.less', 438, 420 ]
silly extracting entry test/less/lazy-eval.less
silly modified mode [ 'test/less/lazy-eval.less', 438, 420 ]
silly extracting entry test/less/media.less
silly modified mode [ 'test/less/media.less', 438, 420 ]
silly extracting entry test/less/comments.less
silly modified mode [ 'test/less/comments.less', 438, 420 ]
silly extracting entry test/less/mixins-closure.less
silly modified mode [ 'test/less/mixins-closure.less', 438, 420 ]
silly extracting entry test/less/mixins-guards.less
silly modified mode [ 'test/less/mixins-guards.less', 438, 420 ]
silly extracting entry test/less/mixins-important.less
silly modified mode [ 'test/less/mixins-important.less', 438, 420 ]
silly extracting entry test/less/mixins-named-args.less
silly modified mode [ 'test/less/mixins-named-args.less', 438, 420 ]
silly extracting entry test/less/mixins-nested.less
silly modified mode [ 'test/less/mixins-nested.less', 438, 420 ]
silly extracting entry test/less/mixins-pattern.less
silly modified mode [ 'test/less/mixins-pattern.less', 438, 420 ]
silly extracting entry test/less/mixins.less
silly modified mode [ 'test/less/mixins.less', 438, 420 ]
silly extracting entry test/less/operations.less
silly modified mode [ 'test/less/operations.less', 438, 420 ]
silly extracting entry test/less/parens.less
silly modified mode [ 'test/less/parens.less', 438, 420 ]
silly extracting entry test/less/rulesets.less
silly modified mode [ 'test/less/rulesets.less', 438, 420 ]
silly extracting entry test/less/scope.less
silly modified mode [ 'test/less/scope.less', 438, 420 ]
silly extracting entry test/less/selectors.less
silly modified mode [ 'test/less/selectors.less', 438, 420 ]
silly extracting entry test/less/strings.less
silly modified mode [ 'test/less/strings.less', 438, 420 ]
silly extracting entry test/less/variables.less
silly modified mode [ 'test/less/variables.less', 438, 420 ]
silly extracting entry test/less/whitespace.less
silly modified mode [ 'test/less/whitespace.less', 438, 420 ]
silly extracting entry Makefile
silly modified mode [ 'Makefile', 438, 420 ]
silly extracting entry bin/lessc
silly modified mode [ 'bin/lessc', 438, 420 ]
silly extracting entry build/amd.js
silly modified mode [ 'build/amd.js', 438, 420 ]
silly extracting entry build/ecma-5.js
silly modified mode [ 'build/ecma-5.js', 438, 420 ]
silly extracting entry build/header.js
silly modified mode [ 'build/header.js', 438, 420 ]
silly extracting entry build/require-rhino.js
silly modified mode [ 'build/require-rhino.js', 438, 420 ]
silly extracting entry build/require.js
silly modified mode [ 'build/require.js', 438, 420 ]
silly extracting entry lib/less/browser.js
silly modified mode [ 'lib/less/browser.js', 438, 420 ]
silly extracting entry lib/less/colors.js
silly modified mode [ 'lib/less/colors.js', 438, 420 ]
silly extracting entry lib/less/cssmin.js
silly modified mode [ 'lib/less/cssmin.js', 438, 420 ]
silly extracting entry lib/less/functions.js
silly modified mode [ 'lib/less/functions.js', 438, 420 ]
silly extracting entry lib/less/index.js
silly modified mode [ 'lib/less/index.js', 438, 420 ]
silly extracting entry lib/less/lessc_helper.js
silly modified mode [ 'lib/less/lessc_helper.js', 438, 420 ]
silly extracting entry lib/less/parser.js
silly modified mode [ 'lib/less/parser.js', 438, 420 ]
silly extracting entry lib/less/rhino.js
silly modified mode [ 'lib/less/rhino.js', 438, 420 ]
silly extracting entry lib/less/tree.js
silly modified mode [ 'lib/less/tree.js', 438, 420 ]
silly extracting entry lib/less/tree/alpha.js
silly modified mode [ 'lib/less/tree/alpha.js', 438, 420 ]
silly extracting entry lib/less/tree/element.js
silly modified mode [ 'lib/less/tree/element.js', 438, 420 ]
silly extracting entry lib/less/tree/expression.js
silly modified mode [ 'lib/less/tree/expression.js', 438, 420 ]
silly extracting entry lib/less/tree/import.js
silly modified mode [ 'lib/less/tree/import.js', 438, 420 ]
silly extracting entry lib/less/tree/javascript.js
silly modified mode [ 'lib/less/tree/javascript.js', 438, 420 ]
silly extracting entry lib/less/tree/directive.js
silly modified mode [ 'lib/less/tree/directive.js', 438, 420 ]
silly extracting entry lib/less/tree/media.js
silly modified mode [ 'lib/less/tree/media.js', 438, 420 ]
silly extracting entry lib/less/tree/mixin.js
silly modified mode [ 'lib/less/tree/mixin.js', 438, 420 ]
silly extracting entry lib/less/tree/operation.js
silly modified mode [ 'lib/less/tree/operation.js', 438, 420 ]
silly extracting entry lib/less/tree/paren.js
silly modified mode [ 'lib/less/tree/paren.js', 438, 420 ]
silly extracting entry lib/less/tree/quoted.js
silly modified mode [ 'lib/less/tree/quoted.js', 438, 420 ]
silly extracting entry lib/less/tree/dimension.js
silly modified mode [ 'lib/less/tree/dimension.js', 438, 420 ]
silly extracting entry lib/less/tree/ratio.js
silly modified mode [ 'lib/less/tree/ratio.js', 438, 420 ]
silly extracting entry lib/less/tree/condition.js
silly modified mode [ 'lib/less/tree/condition.js', 438, 420 ]
silly extracting entry lib/less/tree/rule.js
silly modified mode [ 'lib/less/tree/rule.js', 438, 420 ]
silly extracting entry lib/less/tree/comment.js
silly modified mode [ 'lib/less/tree/comment.js', 438, 420 ]
silly extracting entry lib/less/tree/ruleset.js
silly modified mode [ 'lib/less/tree/ruleset.js', 438, 420 ]
silly extracting entry lib/less/tree/color.js
silly modified mode [ 'lib/less/tree/color.js', 438, 420 ]
silly extracting entry lib/less/tree/selector.js
silly modified mode [ 'lib/less/tree/selector.js', 438, 420 ]
silly extracting entry lib/less/tree/call.js
silly modified mode [ 'lib/less/tree/call.js', 438, 420 ]
silly extracting entry lib/less/tree/url.js
silly modified mode [ 'lib/less/tree/url.js', 438, 420 ]
silly extracting entry lib/less/tree/assignment.js
silly modified mode [ 'lib/less/tree/assignment.js', 438, 420 ]
silly extracting entry lib/less/tree/value.js
silly modified mode [ 'lib/less/tree/value.js', 438, 420 ]
silly extracting entry lib/less/tree/anonymous.js
silly modified mode [ 'lib/less/tree/anonymous.js', 438, 420 ]
silly extracting entry lib/less/tree/variable.js
silly modified mode [ 'lib/less/tree/variable.js', 438, 420 ]
silly extracting entry lib/less/tree/keyword.js
silly modified mode [ 'lib/less/tree/keyword.js', 438, 420 ]
verbose caching /var/folders/jd/cp_32cnj3wd2lcklxbxt2cs40000gn/T/npm-1350593614173/1350593614246-0.826238599140197/package/package.json
verbose loadDefaults less@1.3.1
verbose from cache /var/folders/jd/cp_32cnj3wd2lcklxbxt2cs40000gn/T/npm-1350593614173/1350593614246-0.826238599140197/package/package.json
verbose tar.pack [ '/Users/dane/.npm/less/1.3.1/package.tgz',
verbose tar.pack   '/var/folders/jd/cp_32cnj3wd2lcklxbxt2cs40000gn/T/npm-1350593614173/1350593614246-0.826238599140197/package' ]
verbose tarball /Users/dane/.npm/less/1.3.1/package.tgz
verbose folder /var/folders/jd/cp_32cnj3wd2lcklxbxt2cs40000gn/T/npm-1350593614173/1350593614246-0.826238599140197/package
verbose unpack /Users/dane/.npm/less/1.3.1/package.tgz
silly gunzTarPerm modes [ '755', '644' ]
silly extracting entry package.json
silly extracting entry .npmignore
silly extracting entry README.md
silly extracting entry LICENSE
silly extracting entry CHANGELOG.md
silly extracting entry dist/less-1.1.0.js
silly extracting entry dist/less-1.1.5.js
silly extracting entry dist/less-1.1.5.min.js
silly extracting entry dist/less-1.1.6.js
silly extracting entry dist/less-1.1.4.min.js
silly extracting entry dist/less-1.2.0.js
silly extracting entry dist/less-1.2.0.min.js
silly extracting entry dist/less-1.2.1.js
silly extracting entry dist/less-1.2.1.min.js
silly extracting entry dist/less-1.2.2.js
silly extracting entry dist/less-1.1.4.js
silly extracting entry dist/less-1.2.2.min.js
silly extracting entry dist/less-1.1.3.min.js
silly extracting entry dist/less-1.3.0.js
silly extracting entry dist/less-1.1.3.js
silly extracting entry dist/less-1.3.0.min.js
silly extracting entry dist/less-1.1.2.min.js
silly extracting entry dist/less-1.3.1.js
silly extracting entry dist/less-1.1.2.js
silly extracting entry dist/less-1.3.1.min.js
silly extracting entry dist/less-1.1.1.min.js
silly extracting entry dist/less-rhino-1.1.3.js
silly extracting entry dist/less-1.1.1.js
silly extracting entry dist/less-rhino-1.1.5.js
silly extracting entry dist/less-1.1.0.min.js
silly extracting entry dist/less-rhino-1.3.1.js
silly extracting entry dist/less-1.1.6.min.js
silly extracting entry benchmark/less-benchmark.js
silly extracting entry benchmark/benchmark.less
silly extracting entry test/less-test.js
silly extracting entry test/css/mixins-closure.css
silly extracting entry test/css/colors.css
silly extracting entry test/css/css-3.css
silly extracting entry test/css/css-escapes.css
silly extracting entry test/css/css.css
silly extracting entry test/css/debug/linenumbers-all.css
silly extracting entry test/css/debug/linenumbers-comments.css
silly extracting entry test/css/debug/linenumbers-mediaquery.css
silly extracting entry test/css/functions.css
silly extracting entry test/css/ie-filters.css
silly extracting entry test/css/import-once.css
silly extracting entry test/css/import.css
silly extracting entry test/css/javascript.css
silly extracting entry test/css/lazy-eval.css
silly extracting entry test/css/media.css
silly extracting entry test/css/mixins-args.css
silly extracting entry test/css/comments.css
silly extracting entry test/css/mixins-guards.css
silly extracting entry test/css/mixins-important.css
silly extracting entry test/css/mixins-named-args.css
silly extracting entry test/css/mixins-nested.css
silly extracting entry test/css/mixins-pattern.css
silly extracting entry test/css/mixins.css
silly extracting entry test/css/operations.css
silly extracting entry test/css/parens.css
silly extracting entry test/css/rulesets.css
silly extracting entry test/css/scope.css
silly extracting entry test/css/selectors.css
silly extracting entry test/css/strings.css
silly extracting entry test/css/variables.css
silly extracting entry test/css/whitespace.css
silly extracting entry test/less/mixins-args.less
silly extracting entry test/less/colors.less
silly extracting entry test/less/css-3.less
silly extracting entry test/less/css-escapes.less
silly extracting entry test/less/css.less
silly extracting entry test/less/debug/import/test.less
silly extracting entry test/less/debug/linenumbers.less
silly extracting entry test/less/errors/imports/import-subfolder1.less
silly extracting entry test/less/errors/imports/import-subfolder2.less
silly extracting entry test/less/errors/imports/subfolder/mixin-not-defined.less
silly extracting entry test/less/errors/imports/subfolder/parse-error-curly-bracket.less
silly extracting entry test/less/errors/comment-in-selector.less
silly extracting entry test/less/errors/import-missing.less
silly extracting entry test/less/errors/import-missing.txt
silly extracting entry test/less/errors/import-no-semi.less
silly extracting entry test/less/errors/import-no-semi.txt
silly extracting entry test/less/errors/import-subfolder1.less
silly extracting entry test/less/errors/import-subfolder1.txt
silly extracting entry test/less/errors/import-subfolder2.less
silly extracting entry test/less/errors/import-subfolder2.txt
silly extracting entry test/less/errors/comment-in-selector.txt
silly extracting entry test/less/errors/javascript-error.less
silly extracting entry test/less/errors/javascript-error.txt
silly extracting entry test/less/errors/mixin-not-defined.less
silly extracting entry test/less/errors/mixin-not-defined.txt
silly extracting entry test/less/errors/parse-error-curly-bracket.less
silly extracting entry test/less/errors/parse-error-curly-bracket.txt
silly extracting entry test/less/errors/parse-error-missing-bracket.less
silly extracting entry test/less/errors/parse-error-missing-bracket.txt
silly extracting entry test/less/errors/property-ie5-hack.less
silly extracting entry test/less/errors/property-ie5-hack.txt
silly extracting entry test/less/functions.less
silly extracting entry test/less/ie-filters.less
silly extracting entry test/less/import/deeper/import-once-test-a.less
silly extracting entry test/less/import/import-once-test-c.less
silly extracting entry test/less/import/import-test-a.less
silly extracting entry test/less/import/import-test-b.less
silly extracting entry test/less/import/import-test-c.less
silly extracting entry test/less/import/import-test-d.css
silly extracting entry test/less/import/import-test-e.less
silly extracting entry test/less/import-once.less
silly extracting entry test/less/import.less
silly extracting entry test/less/javascript.less
silly extracting entry test/less/lazy-eval.less
silly extracting entry test/less/media.less
silly extracting entry test/less/comments.less
silly extracting entry test/less/mixins-closure.less
silly extracting entry test/less/mixins-guards.less
silly extracting entry test/less/mixins-important.less
silly extracting entry test/less/mixins-named-args.less
silly extracting entry test/less/mixins-nested.less
silly extracting entry test/less/mixins-pattern.less
silly extracting entry test/less/mixins.less
silly extracting entry test/less/operations.less
silly extracting entry test/less/parens.less
silly extracting entry test/less/rulesets.less
silly extracting entry test/less/scope.less
silly extracting entry test/less/selectors.less
silly extracting entry test/less/strings.less
silly extracting entry test/less/variables.less
silly extracting entry test/less/whitespace.less
silly extracting entry Makefile
silly extracting entry bin/lessc
silly extracting entry build/amd.js
silly extracting entry build/ecma-5.js
silly extracting entry build/header.js
silly extracting entry build/require-rhino.js
silly extracting entry build/require.js
silly extracting entry lib/less/browser.js
silly extracting entry lib/less/colors.js
silly extracting entry lib/less/cssmin.js
silly extracting entry lib/less/functions.js
silly extracting entry lib/less/index.js
silly extracting entry lib/less/lessc_helper.js
silly extracting entry lib/less/parser.js
silly extracting entry lib/less/rhino.js
silly extracting entry lib/less/tree.js
silly extracting entry lib/less/tree/alpha.js
silly extracting entry lib/less/tree/element.js
silly extracting entry lib/less/tree/expression.js
silly extracting entry lib/less/tree/import.js
silly extracting entry lib/less/tree/javascript.js
silly extracting entry lib/less/tree/directive.js
silly extracting entry lib/less/tree/media.js
silly extracting entry lib/less/tree/mixin.js
silly extracting entry lib/less/tree/operation.js
silly extracting entry lib/less/tree/paren.js
silly extracting entry lib/less/tree/quoted.js
silly extracting entry lib/less/tree/dimension.js
silly extracting entry lib/less/tree/ratio.js
silly extracting entry lib/less/tree/condition.js
silly extracting entry lib/less/tree/rule.js
silly extracting entry lib/less/tree/comment.js
silly extracting entry lib/less/tree/ruleset.js
silly extracting entry lib/less/tree/color.js
silly extracting entry lib/less/tree/selector.js
silly extracting entry lib/less/tree/call.js
silly extracting entry lib/less/tree/url.js
silly extracting entry lib/less/tree/assignment.js
silly extracting entry lib/less/tree/value.js
silly extracting entry lib/less/tree/anonymous.js
silly extracting entry lib/less/tree/variable.js
silly extracting entry lib/less/tree/keyword.js
verbose caching /Users/dane/.npm/less/1.3.1/package/package.json
verbose loadDefaults less@1.3.1
silly updated sha bytes 40960
silly updated sha bytes 40960
silly updated sha bytes 40960
silly updated sha bytes 40960
silly updated sha bytes 40960
silly updated sha bytes 40960
silly updated sha bytes 40960
silly updated sha bytes 40960
silly updated sha bytes 40960
silly updated sha bytes 40960
silly updated sha bytes 40960
silly updated sha bytes 40960
silly updated sha bytes 40960
silly updated sha bytes 40960
silly updated sha bytes 21310
info shasum 8f1bdb514f4bb02634ec303c06aefacc0c2084cb
info shasum /Users/dane/.npm/less/1.3.1/package.tgz
verbose from cache /Users/dane/.npm/less/1.3.1/package/package.json
verbose chmod /Users/dane/.npm/less/1.3.1/package.tgz 644
verbose chown [ '/Users/dane/.npm/less/1.3.1/package.tgz', 501, 20 ]
silly resolved [ { name: 'recess',
silly resolved     description: 'A simple, attractive code quality tool for CSS built on top of LESS',
silly resolved     version: '1.1.6',
silly resolved     author: 
silly resolved      { name: 'Jacob Thornton',
silly resolved        email: 'jacob@twitter.com',
silly resolved        url: 'https://github.com/fat' },
silly resolved     keywords: [ 'css', 'lint' ],
silly resolved     licenses: 
silly resolved      [ { type: 'Apache-2.0',
silly resolved          url: 'http://www.apache.org/licenses/LICENSE-2.0' } ],
silly resolved     main: './lib',
silly resolved     homepage: 'http://twitter.github.com/recess',
silly resolved     engines: { node: '>= 0.4.0' },
silly resolved     dependencies: 
silly resolved      { colors: '>= 0.3.0',
silly resolved        nopt: '>= 1.0.10',
silly resolved        underscore: '>= 1.2.1',
silly resolved        watch: '>= 0.5.1',
silly resolved        less: '>= 1.3.0' },
silly resolved     directories: { bin: './bin' },
silly resolved     scripts: { test: 'node test' },
silly resolved     bin: { recess: './bin/recess' },
silly resolved     preferGlobal: true,
silly resolved     _id: 'recess@1.1.6',
silly resolved     devDependencies: {},
silly resolved     optionalDependencies: {},
silly resolved     _engineSupported: true,
silly resolved     _npmVersion: '1.1.24',
silly resolved     _nodeVersion: 'v0.6.19',
silly resolved     _defaultsLoaded: true,
silly resolved     dist: { shasum: '0b1ffaff9fe87082bc126dbca3f9ebdf739a459f' },
silly resolved     _from: 'recess' },
silly resolved   { name: 'jshint',
silly resolved     version: '0.9.1',
silly resolved     description: 'A CLI for JSHint',
silly resolved     homepage: 'http://github.com/jshint/node-jshint',
silly resolved     author: 
silly resolved      { name: 'Brent Lintner',
silly resolved        email: 'brent.lintner@gmail.com',
silly resolved        url: 'http://github.com/brentlintner' },
silly resolved     licenses: 
silly resolved      [ { type: 'MIT',
silly resolved          url: 'http://www.opensource.org/licenses/mit-license.php' } ],
silly resolved     bin: { jshint: './bin/hint' },
silly resolved     main: 'packages/jshint/jshint',
silly resolved     files: 
silly resolved      [ 'packages/jshint/README.markdown',
silly resolved        'packages/jshint/jshint.js',
silly resolved        'README.md',
silly resolved        'LICENSE',
silly resolved        'bin/hint',
silly resolved        'lib' ],
silly resolved     dependencies: { cli: '0.4.3', minimatch: '0.0.x' },
silly resolved     devDependencies: { 'jasmine-node': '1.0.x' },
silly resolved     preferGlobal: true,
silly resolved     _id: 'jshint@0.9.1',
silly resolved     optionalDependencies: {},
silly resolved     engines: { node: '*' },
silly resolved     _engineSupported: true,
silly resolved     _npmVersion: '1.1.24',
silly resolved     _nodeVersion: 'v0.6.19',
silly resolved     _defaultsLoaded: true,
silly resolved     dist: { shasum: 'ffe576d531c50c0ac79d05752b06ca104c6acf81' },
silly resolved     _from: 'jshint' },
silly resolved   { name: 'uglify-js',
silly resolved     description: 'JavaScript parser and compressor/beautifier toolkit',
silly resolved     author: 
silly resolved      { name: 'Mihai Bazon',
silly resolved        email: 'mihai.bazon@gmail.com',
silly resolved        url: 'http://mihai.bazon.net/blog' },
silly resolved     version: '1.3.3',
silly resolved     main: './uglify-js.js',
silly resolved     bin: { uglifyjs: './bin/uglifyjs' },
silly resolved     repository: { type: 'git', url: 'git@github.com:mishoo/UglifyJS.git' },
silly resolved     devDependencies: { nodeunit: '0.7.x' },
silly resolved     scripts: { test: '$(which nodeunit || echo node_modules/nodeunit/bin/nodeunit) test/unit/scripts.js && test/testparser.js && test/testconsolidator.js' },
silly resolved     _id: 'uglify-js@1.3.3',
silly resolved     dependencies: {},
silly resolved     optionalDependencies: {},
silly resolved     engines: { node: '*' },
silly resolved     _engineSupported: true,
silly resolved     _npmVersion: '1.1.24',
silly resolved     _nodeVersion: 'v0.6.19',
silly resolved     _defaultsLoaded: true,
silly resolved     dist: { shasum: '4e44e7f87588da9981ce070a9697fcbed36b7049' },
silly resolved     _from: 'uglify-js' },
silly resolved   { name: 'less',
silly resolved     description: 'Leaner CSS',
silly resolved     url: 'http://lesscss.org',
silly resolved     keywords: [ 'css', 'parser', 'lesscss', 'browser' ],
silly resolved     author: { name: 'Alexis Sellier', email: 'self@cloudhead.net' },
silly resolved     contributors: [],
silly resolved     version: '1.3.1',
silly resolved     bin: { lessc: './bin/lessc' },
silly resolved     main: './lib/less/index',
silly resolved     directories: { test: './test' },
silly resolved     engines: { node: '>=0.4.0' },
silly resolved     devDependencies: { diff: '~1.0.2' },
silly resolved     scripts: { test: 'make test' },
silly resolved     _id: 'less@1.3.1',
silly resolved     dependencies: {},
silly resolved     optionalDependencies: {},
silly resolved     _engineSupported: true,
silly resolved     _npmVersion: '1.1.24',
silly resolved     _nodeVersion: 'v0.6.19',
silly resolved     _defaultsLoaded: true,
silly resolved     dist: { shasum: '8f1bdb514f4bb02634ec303c06aefacc0c2084cb' },
silly resolved     _from: 'less' } ]
info into /usr/local/lib recess@1.1.6
info into /usr/local/lib jshint@0.9.1
info into /usr/local/lib uglify-js@1.3.3
info into /usr/local/lib less@1.3.1
info installOne recess@1.1.6
info installOne jshint@0.9.1
info installOne uglify-js@1.3.3
info installOne less@1.3.1
verbose from cache /Users/dane/.npm/less/1.3.1/package/package.json
info unbuild /usr/local/lib/node_modules/less
verbose from cache /Users/dane/.npm/recess/1.1.6/package/package.json
info unbuild /usr/local/lib/node_modules/recess
verbose from cache /Users/dane/.npm/jshint/0.9.1/package/package.json
info unbuild /usr/local/lib/node_modules/jshint
verbose from cache /Users/dane/.npm/uglify-js/1.3.3/package/package.json
info unbuild /usr/local/lib/node_modules/uglify-js
verbose caching /usr/local/lib/node_modules/recess/package.json
info preuninstall recess@1.0.4
info uninstall recess@1.0.4
verbose caching /usr/local/lib/node_modules/less/package.json
info preuninstall less@1.3.0
verbose caching /usr/local/lib/node_modules/jshint/package.json
info preuninstall jshint@0.7.1
verbose caching /usr/local/lib/node_modules/uglify-js/package.json
info preuninstall uglify-js@1.3.0
verbose unbuild recess@1.0.4 [ true,
verbose unbuild recess@1.0.4   '/usr/local/lib/node_modules',
verbose unbuild recess@1.0.4   '/usr/local/lib/node_modules' ]
verbose binRoot [ '/usr/local/bin', { recess: './bin/recess' } ]
info uninstall less@1.3.0
info uninstall jshint@0.7.1
info uninstall uglify-js@1.3.0
verbose unbuild less@1.3.0 [ true,
verbose unbuild less@1.3.0   '/usr/local/lib/node_modules',
verbose unbuild less@1.3.0   '/usr/local/lib/node_modules' ]
verbose binRoot [ '/usr/local/bin', { lessc: './bin/lessc' } ]
verbose unbuild jshint@0.7.1 [ true,
verbose unbuild jshint@0.7.1   '/usr/local/lib/node_modules',
verbose unbuild jshint@0.7.1   '/usr/local/lib/node_modules' ]
verbose binRoot [ '/usr/local/bin', { jshint: './bin/hint' } ]
verbose unbuild uglify-js@1.3.0 [ true,
verbose unbuild uglify-js@1.3.0   '/usr/local/lib/node_modules',
verbose unbuild uglify-js@1.3.0   '/usr/local/lib/node_modules' ]
verbose binRoot [ '/usr/local/bin', { uglifyjs: './bin/uglifyjs' } ]
info unbuild /usr/local/lib/node_modules/recess
info unbuild /usr/local/lib/node_modules/less
info unbuild /usr/local/lib/node_modules/jshint
info unbuild /usr/local/lib/node_modules/uglify-js
verbose caching /usr/local/lib/node_modules/recess/package.json
info preuninstall recess@1.0.4
verbose caching /usr/local/lib/node_modules/less/package.json
info preuninstall less@1.3.0
verbose caching /usr/local/lib/node_modules/jshint/package.json
info preuninstall jshint@0.7.1
info uninstall recess@1.0.4
verbose caching /usr/local/lib/node_modules/uglify-js/package.json
info preuninstall uglify-js@1.3.0
info uninstall less@1.3.0
info uninstall jshint@0.7.1
verbose unbuild recess@1.0.4 [ true,
verbose unbuild recess@1.0.4   '/usr/local/lib/node_modules',
verbose unbuild recess@1.0.4   '/usr/local/lib/node_modules' ]
verbose binRoot [ '/usr/local/bin', { recess: './bin/recess' } ]
info uninstall uglify-js@1.3.0
verbose unbuild less@1.3.0 [ true,
verbose unbuild less@1.3.0   '/usr/local/lib/node_modules',
verbose unbuild less@1.3.0   '/usr/local/lib/node_modules' ]
verbose binRoot [ '/usr/local/bin', { lessc: './bin/lessc' } ]
verbose unbuild jshint@0.7.1 [ true,
verbose unbuild jshint@0.7.1   '/usr/local/lib/node_modules',
verbose unbuild jshint@0.7.1   '/usr/local/lib/node_modules' ]
verbose binRoot [ '/usr/local/bin', { jshint: './bin/hint' } ]
verbose unbuild uglify-js@1.3.0 [ true,
verbose unbuild uglify-js@1.3.0   '/usr/local/lib/node_modules',
verbose unbuild uglify-js@1.3.0   '/usr/local/lib/node_modules' ]
verbose binRoot [ '/usr/local/bin', { uglifyjs: './bin/uglifyjs' } ]
ERR! error rolling back recess@1.1.6 Error: EPERM, chmod '/usr/local/bin/recess'
ERR! Error: EPERM, chmod '/usr/local/bin/recess'
ERR! 
ERR! Please try running this command again as root/Administrator.
ERR! 
ERR! System Darwin 11.4.0
ERR! command "node" "/usr/local/bin/npm" "install" "-g" "less" "jshint" "recess" "uglify-js"
ERR! cwd /Users/dane/Dropbox/Development/danecjensen.com/boot/css
ERR! node -v v0.6.19
ERR! npm -v 1.1.24
ERR! path /usr/local/bin/recess
ERR! code EPERM
ERR! message EPERM, chmod '/usr/local/bin/recess'
ERR! errno {}
verbose exit [ 1, true ]
